<?xml version="1.0" encoding="UTF-8"?>
<!-- Generated by org.testng.reporters.JUnitReportReporter -->
<testsuite hostname="theVikas" failures="0" tests="4" name="testCases.TC_003_LoginDDT" time="28.622" errors="0" timestamp="2025-07-20T15:04:45 GMT-04:00" skipped="0">
  <testcase classname="testCases.TC_003_LoginDDT" name="verify_login" time="2.635"/>
  <testcase classname="testCases.TC_003_LoginDDT" name="verify_login" time="2.855"/>
  <testcase classname="testCases.TC_003_LoginDDT" name="verify_login" time="11.546"/>
  <testcase classname="testCases.TC_003_LoginDDT" name="verify_login" time="11.586"/>
</testsuite> <!-- testCases.TC_003_LoginDDT -->
