<?xml version="1.0" encoding="UTF-8"?>
<!-- Generated by org.testng.reporters.JUnitReportReporter -->
<testsuite hostname="theVikas" failures="0" tests="2" name="testCases.TC_002_LoginPageTest" time="6.067" errors="0" timestamp="2025-08-09T09:35:02 GMT-04:00" skipped="0">
  <testcase classname="testCases.TC_002_LoginPageTest" name="verify_login" time="2.118"/>
  <testcase classname="testCases.TC_002_LoginPageTest" name="verify_login" time="3.949"/>
</testsuite> <!-- testCases.TC_002_LoginPageTest -->
