<?xml version="1.0" encoding="UTF-8"?>
<!-- Generated by org.testng.reporters.JUnitReportReporter -->
<testsuite hostname="theVikas" failures="0" tests="2" name="testCases.TC_001_AccoutnRegistrationTest" time="8.957" errors="0" timestamp="2025-08-09T09:35:02 GMT-04:00" skipped="0">
  <testcase classname="testCases.TC_001_AccoutnRegistrationTest" name="verify_account_registration" time="4.628"/>
  <testcase classname="testCases.TC_001_AccoutnRegistrationTest" name="verify_account_registration" time="4.329"/>
</testsuite> <!-- testCases.TC_001_AccoutnRegistrationTest -->
