<?xml version="1.0" encoding="UTF-8"?>
<!-- Generated by org.testng.reporters.JUnitReportReporter -->
<testsuite hostname="theVikas" failures="0" tests="2" name="testCases.TC_001_AccoutnRegistrationTest" time="8.078" errors="0" timestamp="2025-07-29T18:20:38 GMT-04:00" skipped="0">
  <testcase classname="testCases.TC_001_AccoutnRegistrationTest" name="verify_account_registration" time="3.577"/>
  <testcase classname="testCases.TC_001_AccoutnRegistrationTest" name="verify_account_registration" time="4.501"/>
</testsuite> <!-- testCases.TC_001_AccoutnRegistrationTest -->
