<?xml version="1.0" encoding="UTF-8"?>
<!-- Generated by org.testng.reporters.JUnitReportReporter -->
<testsuite hostname="theVikas" failures="0" tests="2" name="testCases.TC_002_LoginPageTest" time="5.894" errors="0" timestamp="2025-07-29T18:20:37 GMT-04:00" skipped="0">
  <testcase classname="testCases.TC_002_LoginPageTest" name="verify_login" time="3.558"/>
  <testcase classname="testCases.TC_002_LoginPageTest" name="verify_login" time="2.336"/>
</testsuite> <!-- testCases.TC_002_LoginPageTest -->
