<?xml version="1.0" encoding="UTF-8"?>
<!-- Generated by org.testng.reporters.JUnitReportReporter -->
<testsuite hostname="theVikas" failures="0" tests="2" name="testCases.TC_004_Search" time="3.396" errors="0" timestamp="2025-08-09T09:35:02 GMT-04:00" skipped="0">
  <testcase classname="testCases.TC_004_Search" name="searchTest" time="1.461"/>
  <testcase classname="testCases.TC_004_Search" name="searchTest" time="1.935"/>
</testsuite> <!-- testCases.TC_004_Search -->
