<?xml version="1.0" encoding="UTF-8"?>
<!-- Generated by org.testng.reporters.JUnitReportReporter -->
<testsuite hostname="theVikas" failures="0" tests="1" name="testCases.TC_001_AccoutnRegistrationTest" time="4.831" errors="0" timestamp="2025-07-30T17:56:00 GMT-04:00" skipped="0">
  <testcase classname="testCases.TC_001_AccoutnRegistrationTest" name="verify_account_registration" time="4.831"/>
</testsuite> <!-- testCases.TC_001_AccoutnRegistrationTest -->
