<?xml version="1.0" encoding="UTF-8"?>
<!-- Generated by org.testng.reporters.JUnitReportReporter -->
<testsuite hostname="theVikas" failures="0" tests="1" name="testCases.TC_001_AccoutnRegistrationTest" time="2.784" errors="0" timestamp="2025-08-03T16:50:17 GMT-04:00" skipped="0">
  <testcase classname="testCases.TC_001_AccoutnRegistrationTest" name="verify_account_registration" time="2.784"/>
</testsuite> <!-- testCases.TC_001_AccoutnRegistrationTest -->
