<?xml version="1.0" encoding="UTF-8"?>
<!-- Generated by org.testng.reporters.JUnitReportReporter -->
<testsuite hostname="theVikas" failures="0" tests="1" name="testCases.TC_002_LoginPageTest" time="2.087" errors="0" timestamp="2025-08-03T16:50:17 GMT-04:00" skipped="0">
  <testcase classname="testCases.TC_002_LoginPageTest" name="verify_login" time="2.087"/>
</testsuite> <!-- testCases.TC_002_LoginPageTest -->
